<?xml version="1.0" encoding="UTF-8"?>
<testsuite name="services.FileReaderTests" tests="1" skipped="0" failures="0" errors="0" timestamp="2021-07-12T14:04:21" hostname="Tipz-Dell" time="0.014">
  <properties/>
  <testcase name="read_test" classname="services.FileReaderTests" time="0.014"/>
  <system-out><![CDATA[]]></system-out>
  <system-err><![CDATA[]]></system-err>
</testsuite>
